Build started 10/04/2013 16:28:38.
     1>Project "C:\Users\Gordy\Documents\Visual Studio 2010\Projects\GP1-Submission\GP1 Coursework\GP1 Coursework.vcxproj" on node 2 (build target(s)).
     1>InitializeBuildStatus:
         Creating "Debug\GP1 Coursework.unsuccessfulbuild" because "AlwaysCreate" was specified.
       ClCompile:
         c:\Program Files (x86)\Microsoft Visual Studio 10.0\VC\bin\CL.exe /c /I"C:\Program Files (x86)\Microsoft DirectX SDK (June 2010)\Include" /ZI /nologo /W3 /WX- /Od /Oy- /D _MBCS /Gm /EHsc /RTC1 /MDd /GS /fp:precise /Zc:wchar_t /Zc:forScope /Fo"Debug\\" /Fd"Debug\vc100.pdb" /Gd /TP /analyze- /errorReport:prompt Files\cD3DManager.cpp Files\cD3DXSpriteMgr.cpp Files\cD3DXTexture.cpp Files\cGooEnemy.cpp Files\cHealth.cpp Files\cRoom.cpp Files\cSprite.cpp Files\main.cpp
         main.cpp
     1>c:\users\gordy\documents\visual studio 2010\projects\gp1-submission\gp1 coursework\files\main.cpp(501): warning C4244: '=' : conversion from 'LONG' to 'FLOAT', possible loss of data
     1>c:\users\gordy\documents\visual studio 2010\projects\gp1-submission\gp1 coursework\files\main.cpp(505): warning C4244: '=' : conversion from 'LONG' to 'FLOAT', possible loss of data
     1>c:\users\gordy\documents\visual studio 2010\projects\gp1-submission\gp1 coursework\files\main.cpp(509): warning C4244: '=' : conversion from 'LONG' to 'FLOAT', possible loss of data
     1>c:\users\gordy\documents\visual studio 2010\projects\gp1-submission\gp1 coursework\files\main.cpp(513): warning C4244: '=' : conversion from 'LONG' to 'FLOAT', possible loss of data
         cSprite.cpp
         cRoom.cpp
         cHealth.cpp
         cGooEnemy.cpp
         cD3DXTexture.cpp
         cD3DXSpriteMgr.cpp
         cD3DManager.cpp
         Generating Code...
       Link:
         c:\Program Files (x86)\Microsoft Visual Studio 10.0\VC\bin\link.exe /ERRORREPORT:PROMPT /OUT:"C:\Users\Gordy\Documents\Visual Studio 2010\Projects\GP1-Submission\Debug\GP1 Coursework.exe" /NOLOGO /LIBPATH:"C:\Program Files (x86)\Microsoft DirectX SDK (June 2010)\Lib\x86" d3d9.lib d3dx9.lib kernel32.lib user32.lib gdi32.lib winspool.lib comdlg32.lib advapi32.lib shell32.lib ole32.lib oleaut32.lib uuid.lib odbc32.lib odbccp32.lib /MANIFEST /ManifestFile:"Debug\GP1 Coursework.exe.intermediate.manifest" /MANIFESTUAC:"level='asInvoker' uiAccess='false'" /DEBUG /PDB:"C:\Users\Gordy\Documents\Visual Studio 2010\Projects\GP1-Submission\Debug\GP1 Coursework.pdb" /TLBID:1 /DYNAMICBASE /NXCOMPAT /IMPLIB:"C:\Users\Gordy\Documents\Visual Studio 2010\Projects\GP1-Submission\Debug\GP1 Coursework.lib" /MACHINE:X86 Debug\cD3DManager.obj
         Debug\cD3DXSpriteMgr.obj
         Debug\cD3DXTexture.obj
         Debug\cGooEnemy.obj
         Debug\cHealth.obj
         Debug\cRoom.obj
         Debug\cSprite.obj
         Debug\main.obj
         LINK : C:\Users\Gordy\Documents\Visual Studio 2010\Projects\GP1-Submission\Debug\GP1 Coursework.exe not found or not built by the last incremental link; performing full link
         GP1 Coursework.vcxproj -> C:\Users\Gordy\Documents\Visual Studio 2010\Projects\GP1-Submission\Debug\GP1 Coursework.exe
       Manifest:
         c:\Program Files (x86)\Microsoft SDKs\Windows\v7.0A\bin\mt.exe /nologo /verbose /outputresource:"C:\Users\Gordy\Documents\Visual Studio 2010\Projects\GP1-Submission\Debug\GP1 Coursework.exe;#1" /manifest "Debug\GP1 Coursework.exe.intermediate.manifest"
       FinalizeBuildStatus:
         Deleting file "Debug\GP1 Coursework.unsuccessfulbuild".
         Touching "Debug\GP1 Coursework.lastbuildstate".
     1>Done Building Project "C:\Users\Gordy\Documents\Visual Studio 2010\Projects\GP1-Submission\GP1 Coursework\GP1 Coursework.vcxproj" (build target(s)).

Build succeeded.

Time Elapsed 00:00:04.24
